<?xml version="1.0" encoding="UTF-8"?>
<!-- Generated by org.testng.reporters.JUnitReportReporter -->
<testsuite hostname="DESKTOP-E2ICRIA" name="scripts.TestCanvasCreation" tests="1" failures="0" timestamp="28 Jul 2019 07:40:01 GMT" time="143.474" errors="0">
  <testcase name="testCanvasCreation" time="143.474" classname="scripts.TestCanvasCreation"/>
</testsuite> <!-- scripts.TestCanvasCreation -->
